<?xml version="1.0" encoding="UTF-8"?>
<!-- Generated by org.testng.reporters.JUnitReportReporter -->
<testsuite hostname="DESKTOP-1N0VLJU" failures="0" tests="2" name="MyTestCase" time="0.459" errors="0" timestamp="2024-11-16T13:40:00 EET" skipped="0">
  <testcase classname="MyTestCase" name="logIn" time="0.284"/>
  <system-out/>
  <testcase classname="MyTestCase" name="addToCart" time="0.175"/>
  <system-out/>
</testsuite> <!-- MyTestCase -->
